# JRE version: Java(TM) SE Runtime Environment (17.0.11+7) (build 17.0.11+7-LTS-207)
# Java VM: Java HotSpot(TM) 64-Bit Server VM (17.0.11+7-LTS-207, mixed mode, sharing, tiered, compressed oops, compressed class ptrs, g1 gc, windows-amd64)
GC Precious Log:
 CPUs: 4 total, 4 available
 Memory: 12182M
 Large Page Support: Disabled
 NUMA Support: Disabled
 Compressed Oops: Enabled (32-bit)
 Heap Region Size: 1M
 Heap Min Capacity: 8M
 Heap Initial Capacity: 192M
 Heap Max Capacity: 2G
 Pre-touch: Disabled
 Parallel Workers: 4
 Concurrent Workers: 1
 Concurrent Refinement Workers: 4
 Periodic GC: Disabled
Heap:
 garbage-first heap   total 196608K, used 123704K [0x0000000080000000, 0x0000000100000000)
  region size 1024K, 109 young (111616K), 1 survivors (1024K)
 Metaspace       used 19852K, committed 20160K, reserved 491520K
  class space    used 2872K, committed 3008K, reserved 425984K
GC Heap History (6 events):
Event: 1.434 GC heap before
{Heap before GC invocations=0 (full 0):
 garbage-first heap   total 196608K, used 13312K [0x0000000080000000, 0x0000000100000000)
  region size 1024K, 13 young (13312K), 0 survivors (0K)
 Metaspace       used 792K, committed 896K, reserved 491520K
  class space    used 61K, committed 128K, reserved 425984K
}
Event: 1.446 GC heap after
{Heap after GC invocations=1 (full 0):
 garbage-first heap   total 196608K, used 1712K [0x0000000080000000, 0x0000000100000000)
  region size 1024K, 2 young (2048K), 2 survivors (2048K)
 Metaspace       used 792K, committed 896K, reserved 491520K
  class space    used 61K, committed 128K, reserved 425984K
}
Event: 3.622 GC heap before
{Heap before GC invocations=1 (full 0):
 garbage-first heap   total 196608K, used 22192K [0x0000000080000000, 0x0000000100000000)
  region size 1024K, 19 young (19456K), 2 survivors (2048K)
 Metaspace       used 3273K, committed 3392K, reserved 491520K
  class space    used 411K, committed 512K, reserved 425984K
}
Event: 3.629 GC heap after
{Heap after GC invocations=2 (full 0):
 garbage-first heap   total 196608K, used 11207K [0x0000000080000000, 0x0000000100000000)
  region size 1024K, 3 young (3072K), 3 survivors (3072K)
 Metaspace       used 3273K, committed 3392K, reserved 491520K
  class space    used 411K, committed 512K, reserved 425984K
}
Event: 7.468 GC heap before
{Heap before GC invocations=2 (full 0):
 garbage-first heap   total 196608K, used 41927K [0x0000000080000000, 0x0000000100000000)
  region size 1024K, 33 young (33792K), 3 survivors (3072K)
 Metaspace       used 4069K, committed 4224K, reserved 491520K
  class space    used 502K, committed 640K, reserved 425984K
}
Event: 7.478 GC heap after
{Heap after GC invocations=3 (full 0):
 garbage-first heap   total 196608K, used 12088K [0x0000000080000000, 0x0000000100000000)
  region size 1024K, 1 young (1024K), 1 survivors (1024K)
 Metaspace       used 4069K, committed 4224K, reserved 491520K
  class space    used 502K, committed 640K, reserved 425984K
}

